{"level":"info","message":"Server started on port 3100"}
{"level":"info","message":"Database connected..."}
{"level":"info","message":"Tables created..."}
{"level":"info","message":"GET /users/session-status"}
{"level":"info","message":"GET /users/session-status"}
{"level":"info","message":"GET /users/session-status"}
{"level":"info","message":"POST /users/signup"}
{"level":"info","message":"Creating user..."}
{"level":"info","message":"Creating user with email: dev@dev.dev"}
{"level":"info","message":"User created with email: dev@dev.dev"}
{"level":"error","message":"Error creating user: Error: secretOrPrivateKey must have a value"}
{"level":"info","message":"Server started on port 3100"}
{"level":"info","message":"Database connected..."}
{"level":"info","message":"Tables created..."}
{"level":"info","message":"Server started on port 3100"}
{"level":"info","message":"Database connected..."}
{"level":"info","message":"Tables created..."}
{"level":"info","message":"GET /users/session-status"}
{"level":"info","message":"GET /users/session-status"}
{"level":"info","message":"Server started on port 3100"}
{"level":"info","message":"Database connected..."}
{"level":"info","message":"Tables created..."}
{"level":"info","message":"GET /users/session-status"}
{"level":"info","message":"GET /users/session-status"}
{"level":"info","message":"POST /users/signup"}
{"level":"info","message":"Creating user..."}
{"level":"info","message":"Creating user with email: aaa@aaa.aaa"}
{"level":"info","message":"User created with email: aaa@aaa.aaa"}
{"level":"info","message":"GET /users/session-status"}
{"level":"info","message":"GET /users/session-status"}
{"level":"info","message":"GET /users/session-status"}
{"level":"info","message":"Server started on port 3100"}
{"level":"info","message":"Database connected..."}
{"level":"info","message":"Tables created..."}
